<?xml version="1.0" encoding="UTF-8"?>
<testsuite time="0.195" failures="0" tests="1" name="tests" >
  <testcase time="0.184" classname="tests" name="PetStoreSeleniumTest2.ta" />
</testsuite>